Move information:
Animal placed at (2, 2)

Current map state:

 y\x  0 1 2 3 4 5 6 7 8 91011
 12: -------------------------
 11: | | |*| | | |*| | |*| | |
 10: |*| | | | | |*| | | | | |
  9: | | | | | | | | |*| | | |
  8: | | |*| | |*| | |*| | | |
  7: |*| | |*| | | | | |*| | |
  6: | | |*| | | | | | | | | |
  5: | |*| | | | |*| |*|*| | |
  4: |*| | | | | | | |*| | |*|
  3: | | | |*|*| | | | | |*| |
  2: | | |^| | | | | | | | |*|
  1: | | | | | | |*| |*| | | |
  0: |*|*| |*| | | | | | | |*|
 -1: -------------------------

-----------------
Move information:
Animal placed at (8, 5)

Current map state:

 y\x  0 1 2 3 4 5 6 7 8 91011
 12: -------------------------
 11: | | |*| | | |*| | |*| | |
 10: |*| | | | | |*| | | | | |
  9: | | | | | | | | |*| | | |
  8: | | |*| | |*| | |*| | | |
  7: |*| | |*| | | | | |*| | |
  6: | | |*| | | | | | | | | |
  5: | |*| | | | |*| |^|*| | |
  4: |*| | | | | | | |*| | |*|
  3: | | | |*|*| | | | | |*| |
  2: | | |^| | | | | | | | |*|
  1: | | | | | | |*| |*| | | |
  0: |*|*| |*| | | | | | | |*|
 -1: -------------------------

-----------------
Move information:
Animal placed at (4, 4)

Current map state:

 y\x  0 1 2 3 4 5 6 7 8 91011
 12: -------------------------
 11: | | |*| | | |*| | |*| | |
 10: |*| | | | | |*| | | | | |
  9: | | | | | | | | |*| | | |
  8: | | |*| | |*| | |*| | | |
  7: |*| | |*| | | | | |*| | |
  6: | | |*| | | | | | | | | |
  5: | |*| | | | |*| |^|*| | |
  4: |*| | | |^| | | |*| | |*|
  3: | | | |*|*| | | | | |*| |
  2: | | |^| | | | | | | | |*|
  1: | | | | | | |*| |*| | | |
  0: |*|*| |*| | | | | | | |*|
 -1: -------------------------

-----------------
Move information:
Animal placed at (7, 6)

Current map state:

 y\x  0 1 2 3 4 5 6 7 8 91011
 12: -------------------------
 11: | | |*| | | |*| | |*| | |
 10: |*| | | | | |*| | | | | |
  9: | | | | | | | | |*| | | |
  8: | | |*| | |*| | |*| | | |
  7: |*| | |*| | | | | |*| | |
  6: | | |*| | | | |^| | | | |
  5: | |*| | | | |*| |^|*| | |
  4: |*| | | |^| | | |*| | |*|
  3: | | | |*|*| | | | | |*| |
  2: | | |^| | | | | | | | |*|
  1: | | | | | | |*| |*| | | |
  0: |*|*| |*| | | | | | | |*|
 -1: -------------------------

-----------------
Move information:
Animal moved from (2, 2) to (2, 3)

Current map state:

 y\x  0 1 2 3 4 5 6 7 8 91011
 12: -------------------------
 11: | | |*| | | |*| | |*| | |
 10: |*| | | | | |*| | | | | |
  9: | | | | | | | | |*| | | |
  8: | | |*| | |*| | |*| | | |
  7: |*| | |*| | | | | |*| | |
  6: | | |*| | | | |^| | | | |
  5: | |*| | | | |*| |^|*| | |
  4: |*| | | |^| | | |*| | |*|
  3: | | |^|*|*| | | | | |*| |
  2: | | | | | | | | | | | |*|
  1: | | | | | | |*| |*| | | |
  0: |*|*| |*| | | | | | | |*|
 -1: -------------------------

-----------------
Move information:
Animal moved from (8, 5) to (8, 6)

Current map state:

 y\x  0 1 2 3 4 5 6 7 8 91011
 12: -------------------------
 11: | | |*| | | |*| | |*| | |
 10: |*| | | | | |*| | | | | |
  9: | | | | | | | | |*| | | |
  8: | | |*| | |*| | |*| | | |
  7: |*| | |*| | | | | |*| | |
  6: | | |*| | | | |^|^| | | |
  5: | |*| | | | |*| |*|*| | |
  4: |*| | | |^| | | |*| | |*|
  3: | | |^|*|*| | | | | |*| |
  2: | | | | | | | | | | | |*|
  1: | | | | | | |*| |*| | | |
  0: |*|*| |*| | | | | | | |*|
 -1: -------------------------

-----------------
Move information:
Animal moved from (4, 4) to (4, 5)

Current map state:

 y\x  0 1 2 3 4 5 6 7 8 91011
 12: -------------------------
 11: | | |*| | | |*| | |*| | |
 10: |*| | | | | |*| | | | | |
  9: | | | | | | | | |*| | | |
  8: | | |*| | |*| | |*| | | |
  7: |*| | |*| | | | | |*| | |
  6: | | |*| | | | |^|^| | | |
  5: | |*| | |^| |*| |*|*| | |
  4: |*| | | | | | | |*| | |*|
  3: | | |^|*|*| | | | | |*| |
  2: | | | | | | | | | | | |*|
  1: | | | | | | |*| |*| | | |
  0: |*|*| |*| | | | | | | |*|
 -1: -------------------------

-----------------
Move information:
Animal moved from (7, 6) to (7, 7)

Current map state:

 y\x  0 1 2 3 4 5 6 7 8 91011
 12: -------------------------
 11: | | |*| | | |*| | |*| | |
 10: |*| | | | | |*| | | | | |
  9: | | | | | | | | |*| | | |
  8: | | |*| | |*| | |*| | | |
  7: |*| | |*| | | |^| |*| | |
  6: | | |*| | | | | |^| | | |
  5: | |*| | |^| |*| |*|*| | |
  4: |*| | | | | | | |*| | |*|
  3: | | |^|*|*| | | | | |*| |
  2: | | | | | | | | | | | |*|
  1: | | | | | | |*| |*| | | |
  0: |*|*| |*| | | | | | | |*|
 -1: -------------------------

-----------------
Move information:
Animal moved from (2, 3) to (2, 4)

Current map state:

 y\x  0 1 2 3 4 5 6 7 8 91011
 12: -------------------------
 11: | | |*| | | |*| | |*| | |
 10: |*| | | | | |*| | | | | |
  9: | | | | | | | | |*| | | |
  8: | | |*| | |*| | |*| | | |
  7: |*| | |*| | | |^| |*| | |
  6: | | |*| | | | | |^| | | |
  5: | |*| | |^| |*| |*|*| | |
  4: |*| |^| | | | | |*| | |*|
  3: | | | |*|*| | | | | |*| |
  2: | | | | | | | | | | | |*|
  1: | | | | | | |*| |*| | | |
  0: |*|*| |*| | | | | | | |*|
 -1: -------------------------

-----------------
Move information:
Animal moved from (8, 6) to (8, 7)

Current map state:

 y\x  0 1 2 3 4 5 6 7 8 91011
 12: -------------------------
 11: | | |*| | | |*| | |*| | |
 10: |*| | | | | |*| | | | | |
  9: | | | | | | | | |*| | | |
  8: | | |*| | |*| | |*| | | |
  7: |*| | |*| | | |^|^|*| | |
  6: | | |*| | | | | | | | | |
  5: | |*| | |^| |*| |*|*| | |
  4: |*| |^| | | | | |*| | |*|
  3: | | | |*|*| | | | | |*| |
  2: | | | | | | | | | | | |*|
  1: | | | | | | |*| |*| | | |
  0: |*|*| |*| | | | | | | |*|
 -1: -------------------------

-----------------
Move information:
Animal moved from (4, 5) to (4, 6)

Current map state:

 y\x  0 1 2 3 4 5 6 7 8 91011
 12: -------------------------
 11: | | |*| | | |*| | |*| | |
 10: |*| | | | | |*| | | | | |
  9: | | | | | | | | |*| | | |
  8: | | |*| | |*| | |*| | | |
  7: |*| | |*| | | |^|^|*| | |
  6: | | |*| |^| | | | | | | |
  5: | |*| | | | |*| |*|*| | |
  4: |*| |^| | | | | |*| | |*|
  3: | | | |*|*| | | | | |*| |
  2: | | | | | | | | | | | |*|
  1: | | | | | | |*| |*| | | |
  0: |*|*| |*| | | | | | | |*|
 -1: -------------------------

-----------------
Move information:
Animal moved from (7, 7) to (7, 8)

Current map state:

 y\x  0 1 2 3 4 5 6 7 8 91011
 12: -------------------------
 11: | | |*| | | |*| | |*| | |
 10: |*| | | | | |*| | | | | |
  9: | | | | | | | | |*| | | |
  8: | | |*| | |*| |^|*| | | |
  7: |*| | |*| | | | |^|*| | |
  6: | | |*| |^| | | | | | | |
  5: | |*| | | | |*| |*|*| | |
  4: |*| |^| | | | | |*| | |*|
  3: | | | |*|*| | | | | |*| |
  2: | | | | | | | | | | | |*|
  1: | | | | | | |*| |*| | | |
  0: |*|*| |*| | | | | | | |*|
 -1: -------------------------

-----------------
